  Determining projects to restore...
  All projects are up-to-date for restore.
  AspireApp.Domain.Shared -> C:\Users\mouaz\source\repos\AspireApp\AspireApp.Domain.Shared\bin\Debug\net10.0\AspireApp.Domain.Shared.dll
  AspireApp.ApiService.Domain -> C:\Users\mouaz\source\repos\AspireApp\AspireApp.ApiService.Domain\bin\Debug\net10.0\AspireApp.ApiService.Domain.dll
  AspireApp.Modules.FileUpload -> C:\Users\mouaz\source\repos\AspireApp\AspireApp.Modules.FileUpload\bin\Debug\net10.0\AspireApp.Modules.FileUpload.dll
  AspireApp.ApiService.Application -> C:\Users\mouaz\source\repos\AspireApp\AspireApp.ApiService.Application\bin\Debug\net10.0\AspireApp.ApiService.Application.dll
C:\Users\mouaz\source\repos\AspireApp\test\AspireApp.ApiService.Application.Tests\Users\Validators\UserValidatorTests.cs(26,27): error CS7036: There is no argument given that corresponds to the required parameter 'IsActive' of 'UpdateUserRequest.UpdateUserRequest(string?, string?, bool?)' [C:\Users\mouaz\source\repos\AspireApp\test\AspireApp.ApiService.Application.Tests\AspireApp.ApiService.Application.Tests.csproj]
C:\Users\mouaz\source\repos\AspireApp\test\AspireApp.ApiService.Application.Tests\Users\Validators\UserValidatorTests.cs(43,52): error CS1503: Argument 1: cannot convert from 'AspireApp.ApiService.Application.Users.DTOs.ToggleUserActivationRequest' to 'AspireApp.ApiService.Application.Roles.DTOs.AssignPermissionsToUserRequest' [C:\Users\mouaz\source\repos\AspireApp\test\AspireApp.ApiService.Application.Tests\AspireApp.ApiService.Application.Tests.csproj]
C:\Users\mouaz\source\repos\AspireApp\test\AspireApp.ApiService.Application.Tests\Users\UseCases\UserUseCaseTests.cs(46,27): error CS7036: There is no argument given that corresponds to the required parameter 'IsActive' of 'UpdateUserRequest.UpdateUserRequest(string?, string?, bool?)' [C:\Users\mouaz\source\repos\AspireApp\test\AspireApp.ApiService.Application.Tests\AspireApp.ApiService.Application.Tests.csproj]
C:\Users\mouaz\source\repos\AspireApp\test\AspireApp.ApiService.Application.Tests\Permissions\PermissionModuleTests.cs(33,27): error CS7036: There is no argument given that corresponds to the required parameter 'mapper' of 'CreatePermissionUseCase.CreatePermissionUseCase(IPermissionRepository, IPermissionManager, IUnitOfWork, IMapper)' [C:\Users\mouaz\source\repos\AspireApp\test\AspireApp.ApiService.Application.Tests\AspireApp.ApiService.Application.Tests.csproj]
C:\Users\mouaz\source\repos\AspireApp\test\AspireApp.ApiService.Application.Tests\Roles\RoleModuleTests.cs(36,27): error CS7036: There is no argument given that corresponds to the required parameter 'mapper' of 'CreateRoleUseCase.CreateRoleUseCase(IRoleRepository, IRoleManager, IUnitOfWork, IMapper)' [C:\Users\mouaz\source\repos\AspireApp\test\AspireApp.ApiService.Application.Tests\AspireApp.ApiService.Application.Tests.csproj]
C:\Users\mouaz\source\repos\AspireApp\test\AspireApp.ApiService.Application.Tests\Users\Validators\UserValidatorTests.cs(67,29): error CS7036: There is no argument given that corresponds to the required parameter 'roleManager' of 'AssignRoleToUserRequestValidator.AssignRoleToUserRequestValidator(IRoleManager)' [C:\Users\mouaz\source\repos\AspireApp\test\AspireApp.ApiService.Application.Tests\AspireApp.ApiService.Application.Tests.csproj]
C:\Users\mouaz\source\repos\AspireApp\test\AspireApp.ApiService.Application.Tests\Users\Validators\UserValidatorTests.cs(68,51): error CS1503: Argument 1: cannot convert from 'System.Guid' to 'System.Collections.Generic.List<System.Guid>' [C:\Users\mouaz\source\repos\AspireApp\test\AspireApp.ApiService.Application.Tests\AspireApp.ApiService.Application.Tests.csproj]
C:\Users\mouaz\source\repos\AspireApp\test\AspireApp.ApiService.Application.Tests\Permissions\PermissionModuleTests.cs(53,31): error CS1061: 'IPermissionRepository' does not contain a definition for 'NameExistsAsync' and no accessible extension method 'NameExistsAsync' accepting a first argument of type 'IPermissionRepository' could be found (are you missing a using directive or an assembly reference?) [C:\Users\mouaz\source\repos\AspireApp\test\AspireApp.ApiService.Application.Tests\AspireApp.ApiService.Application.Tests.csproj]
C:\Users\mouaz\source\repos\AspireApp\test\AspireApp.ApiService.Application.Tests\Permissions\PermissionModuleTests.cs(54,62): error CS1503: Argument 1: cannot convert from 'AspireApp.ApiService.Domain.Permissions.Interfaces.IPermissionRepository' to 'AspireApp.ApiService.Domain.Permissions.Services.IPermissionManager' [C:\Users\mouaz\source\repos\AspireApp\test\AspireApp.ApiService.Application.Tests\AspireApp.ApiService.Application.Tests.csproj]
C:\Users\mouaz\source\repos\AspireApp\test\AspireApp.ApiService.Application.Tests\Users\UseCases\UserUseCaseTests.cs(63,27): error CS7036: There is no argument given that corresponds to the required parameter 'mapper' of 'DeleteUserUseCase.DeleteUserUseCase(IUserRepository, IUserManager, IUnitOfWork, IMapper)' [C:\Users\mouaz\source\repos\AspireApp\test\AspireApp.ApiService.Application.Tests\AspireApp.ApiService.Application.Tests.csproj]
C:\Users\mouaz\source\repos\AspireApp\test\AspireApp.ApiService.Application.Tests\Roles\RoleModuleTests.cs(56,25): error CS1061: 'IRoleRepository' does not contain a definition for 'NameExistsAsync' and no accessible extension method 'NameExistsAsync' accepting a first argument of type 'IRoleRepository' could be found (are you missing a using directive or an assembly reference?) [C:\Users\mouaz\source\repos\AspireApp\test\AspireApp.ApiService.Application.Tests\AspireApp.ApiService.Application.Tests.csproj]
C:\Users\mouaz\source\repos\AspireApp\test\AspireApp.ApiService.Application.Tests\Roles\RoleModuleTests.cs(57,56): error CS1503: Argument 1: cannot convert from 'AspireApp.ApiService.Domain.Roles.Interfaces.IRoleRepository' to 'AspireApp.ApiService.Domain.Roles.Services.IRoleManager' [C:\Users\mouaz\source\repos\AspireApp\test\AspireApp.ApiService.Application.Tests\AspireApp.ApiService.Application.Tests.csproj]
C:\Users\mouaz\source\repos\AspireApp\test\AspireApp.ApiService.Application.Tests\Users\Validators\UserValidatorTests.cs(81,29): error CS7036: There is no argument given that corresponds to the required parameter 'permissionManager' of 'AssignPermissionsToUserRequestValidator.AssignPermissionsToUserRequestValidator(IPermissionManager)' [C:\Users\mouaz\source\repos\AspireApp\test\AspireApp.ApiService.Application.Tests\AspireApp.ApiService.Application.Tests.csproj]
C:\Users\mouaz\source\repos\AspireApp\test\AspireApp.ApiService.Application.Tests\Users\Validators\UserValidatorTests.cs(82,27): error CS0246: The type or namespace name 'AssignPermissionsToUserRequest' could not be found (are you missing a using directive or an assembly reference?) [C:\Users\mouaz\source\repos\AspireApp\test\AspireApp.ApiService.Application.Tests\AspireApp.ApiService.Application.Tests.csproj]
C:\Users\mouaz\source\repos\AspireApp\test\AspireApp.ApiService.Application.Tests\Users\UseCases\UserUseCaseTests.cs(81,27): error CS7036: There is no argument given that corresponds to the required parameter 'mapper' of 'GetUserUseCase.GetUserUseCase(IUserRepository, IUnitOfWork, IMapper)' [C:\Users\mouaz\source\repos\AspireApp\test\AspireApp.ApiService.Application.Tests\AspireApp.ApiService.Application.Tests.csproj]
C:\Users\mouaz\source\repos\AspireApp\test\AspireApp.ApiService.Application.Tests\Users\UseCases\UserUseCaseTests.cs(120,27): error CS1729: 'AssignRoleToUserUseCase' does not contain a constructor that takes 5 arguments [C:\Users\mouaz\source\repos\AspireApp\test\AspireApp.ApiService.Application.Tests\AspireApp.ApiService.Application.Tests.csproj]
C:\Users\mouaz\source\repos\AspireApp\test\AspireApp.ApiService.Application.Tests\Users\UseCases\UserUseCaseTests.cs(123,51): error CS1503: Argument 1: cannot convert from 'System.Guid' to 'System.Collections.Generic.List<System.Guid>' [C:\Users\mouaz\source\repos\AspireApp\test\AspireApp.ApiService.Application.Tests\AspireApp.ApiService.Application.Tests.csproj]
C:\Users\mouaz\source\repos\AspireApp\test\AspireApp.ApiService.Application.Tests\Users\UseCases\UserUseCaseTests.cs(129,25): error CS1061: 'IRoleRepository' does not contain a definition for 'GetByIdAsync' and no accessible extension method 'GetByIdAsync' accepting a first argument of type 'IRoleRepository' could be found (are you missing a using directive or an assembly reference?) [C:\Users\mouaz\source\repos\AspireApp\test\AspireApp.ApiService.Application.Tests\AspireApp.ApiService.Application.Tests.csproj]

Build FAILED.

C:\Users\mouaz\source\repos\AspireApp\test\AspireApp.ApiService.Application.Tests\Users\Validators\UserValidatorTests.cs(26,27): error CS7036: There is no argument given that corresponds to the required parameter 'IsActive' of 'UpdateUserRequest.UpdateUserRequest(string?, string?, bool?)' [C:\Users\mouaz\source\repos\AspireApp\test\AspireApp.ApiService.Application.Tests\AspireApp.ApiService.Application.Tests.csproj]
C:\Users\mouaz\source\repos\AspireApp\test\AspireApp.ApiService.Application.Tests\Users\Validators\UserValidatorTests.cs(43,52): error CS1503: Argument 1: cannot convert from 'AspireApp.ApiService.Application.Users.DTOs.ToggleUserActivationRequest' to 'AspireApp.ApiService.Application.Roles.DTOs.AssignPermissionsToUserRequest' [C:\Users\mouaz\source\repos\AspireApp\test\AspireApp.ApiService.Application.Tests\AspireApp.ApiService.Application.Tests.csproj]
C:\Users\mouaz\source\repos\AspireApp\test\AspireApp.ApiService.Application.Tests\Users\UseCases\UserUseCaseTests.cs(46,27): error CS7036: There is no argument given that corresponds to the required parameter 'IsActive' of 'UpdateUserRequest.UpdateUserRequest(string?, string?, bool?)' [C:\Users\mouaz\source\repos\AspireApp\test\AspireApp.ApiService.Application.Tests\AspireApp.ApiService.Application.Tests.csproj]
C:\Users\mouaz\source\repos\AspireApp\test\AspireApp.ApiService.Application.Tests\Permissions\PermissionModuleTests.cs(33,27): error CS7036: There is no argument given that corresponds to the required parameter 'mapper' of 'CreatePermissionUseCase.CreatePermissionUseCase(IPermissionRepository, IPermissionManager, IUnitOfWork, IMapper)' [C:\Users\mouaz\source\repos\AspireApp\test\AspireApp.ApiService.Application.Tests\AspireApp.ApiService.Application.Tests.csproj]
C:\Users\mouaz\source\repos\AspireApp\test\AspireApp.ApiService.Application.Tests\Roles\RoleModuleTests.cs(36,27): error CS7036: There is no argument given that corresponds to the required parameter 'mapper' of 'CreateRoleUseCase.CreateRoleUseCase(IRoleRepository, IRoleManager, IUnitOfWork, IMapper)' [C:\Users\mouaz\source\repos\AspireApp\test\AspireApp.ApiService.Application.Tests\AspireApp.ApiService.Application.Tests.csproj]
C:\Users\mouaz\source\repos\AspireApp\test\AspireApp.ApiService.Application.Tests\Users\Validators\UserValidatorTests.cs(67,29): error CS7036: There is no argument given that corresponds to the required parameter 'roleManager' of 'AssignRoleToUserRequestValidator.AssignRoleToUserRequestValidator(IRoleManager)' [C:\Users\mouaz\source\repos\AspireApp\test\AspireApp.ApiService.Application.Tests\AspireApp.ApiService.Application.Tests.csproj]
C:\Users\mouaz\source\repos\AspireApp\test\AspireApp.ApiService.Application.Tests\Users\Validators\UserValidatorTests.cs(68,51): error CS1503: Argument 1: cannot convert from 'System.Guid' to 'System.Collections.Generic.List<System.Guid>' [C:\Users\mouaz\source\repos\AspireApp\test\AspireApp.ApiService.Application.Tests\AspireApp.ApiService.Application.Tests.csproj]
C:\Users\mouaz\source\repos\AspireApp\test\AspireApp.ApiService.Application.Tests\Permissions\PermissionModuleTests.cs(53,31): error CS1061: 'IPermissionRepository' does not contain a definition for 'NameExistsAsync' and no accessible extension method 'NameExistsAsync' accepting a first argument of type 'IPermissionRepository' could be found (are you missing a using directive or an assembly reference?) [C:\Users\mouaz\source\repos\AspireApp\test\AspireApp.ApiService.Application.Tests\AspireApp.ApiService.Application.Tests.csproj]
C:\Users\mouaz\source\repos\AspireApp\test\AspireApp.ApiService.Application.Tests\Permissions\PermissionModuleTests.cs(54,62): error CS1503: Argument 1: cannot convert from 'AspireApp.ApiService.Domain.Permissions.Interfaces.IPermissionRepository' to 'AspireApp.ApiService.Domain.Permissions.Services.IPermissionManager' [C:\Users\mouaz\source\repos\AspireApp\test\AspireApp.ApiService.Application.Tests\AspireApp.ApiService.Application.Tests.csproj]
C:\Users\mouaz\source\repos\AspireApp\test\AspireApp.ApiService.Application.Tests\Users\UseCases\UserUseCaseTests.cs(63,27): error CS7036: There is no argument given that corresponds to the required parameter 'mapper' of 'DeleteUserUseCase.DeleteUserUseCase(IUserRepository, IUserManager, IUnitOfWork, IMapper)' [C:\Users\mouaz\source\repos\AspireApp\test\AspireApp.ApiService.Application.Tests\AspireApp.ApiService.Application.Tests.csproj]
C:\Users\mouaz\source\repos\AspireApp\test\AspireApp.ApiService.Application.Tests\Roles\RoleModuleTests.cs(56,25): error CS1061: 'IRoleRepository' does not contain a definition for 'NameExistsAsync' and no accessible extension method 'NameExistsAsync' accepting a first argument of type 'IRoleRepository' could be found (are you missing a using directive or an assembly reference?) [C:\Users\mouaz\source\repos\AspireApp\test\AspireApp.ApiService.Application.Tests\AspireApp.ApiService.Application.Tests.csproj]
C:\Users\mouaz\source\repos\AspireApp\test\AspireApp.ApiService.Application.Tests\Roles\RoleModuleTests.cs(57,56): error CS1503: Argument 1: cannot convert from 'AspireApp.ApiService.Domain.Roles.Interfaces.IRoleRepository' to 'AspireApp.ApiService.Domain.Roles.Services.IRoleManager' [C:\Users\mouaz\source\repos\AspireApp\test\AspireApp.ApiService.Application.Tests\AspireApp.ApiService.Application.Tests.csproj]
C:\Users\mouaz\source\repos\AspireApp\test\AspireApp.ApiService.Application.Tests\Users\Validators\UserValidatorTests.cs(81,29): error CS7036: There is no argument given that corresponds to the required parameter 'permissionManager' of 'AssignPermissionsToUserRequestValidator.AssignPermissionsToUserRequestValidator(IPermissionManager)' [C:\Users\mouaz\source\repos\AspireApp\test\AspireApp.ApiService.Application.Tests\AspireApp.ApiService.Application.Tests.csproj]
C:\Users\mouaz\source\repos\AspireApp\test\AspireApp.ApiService.Application.Tests\Users\Validators\UserValidatorTests.cs(82,27): error CS0246: The type or namespace name 'AssignPermissionsToUserRequest' could not be found (are you missing a using directive or an assembly reference?) [C:\Users\mouaz\source\repos\AspireApp\test\AspireApp.ApiService.Application.Tests\AspireApp.ApiService.Application.Tests.csproj]
C:\Users\mouaz\source\repos\AspireApp\test\AspireApp.ApiService.Application.Tests\Users\UseCases\UserUseCaseTests.cs(81,27): error CS7036: There is no argument given that corresponds to the required parameter 'mapper' of 'GetUserUseCase.GetUserUseCase(IUserRepository, IUnitOfWork, IMapper)' [C:\Users\mouaz\source\repos\AspireApp\test\AspireApp.ApiService.Application.Tests\AspireApp.ApiService.Application.Tests.csproj]
C:\Users\mouaz\source\repos\AspireApp\test\AspireApp.ApiService.Application.Tests\Users\UseCases\UserUseCaseTests.cs(120,27): error CS1729: 'AssignRoleToUserUseCase' does not contain a constructor that takes 5 arguments [C:\Users\mouaz\source\repos\AspireApp\test\AspireApp.ApiService.Application.Tests\AspireApp.ApiService.Application.Tests.csproj]
C:\Users\mouaz\source\repos\AspireApp\test\AspireApp.ApiService.Application.Tests\Users\UseCases\UserUseCaseTests.cs(123,51): error CS1503: Argument 1: cannot convert from 'System.Guid' to 'System.Collections.Generic.List<System.Guid>' [C:\Users\mouaz\source\repos\AspireApp\test\AspireApp.ApiService.Application.Tests\AspireApp.ApiService.Application.Tests.csproj]
C:\Users\mouaz\source\repos\AspireApp\test\AspireApp.ApiService.Application.Tests\Users\UseCases\UserUseCaseTests.cs(129,25): error CS1061: 'IRoleRepository' does not contain a definition for 'GetByIdAsync' and no accessible extension method 'GetByIdAsync' accepting a first argument of type 'IRoleRepository' could be found (are you missing a using directive or an assembly reference?) [C:\Users\mouaz\source\repos\AspireApp\test\AspireApp.ApiService.Application.Tests\AspireApp.ApiService.Application.Tests.csproj]
    0 Warning(s)
    18 Error(s)

Time Elapsed 00:00:03.97
