  Determining projects to restore...
  All projects are up-to-date for restore.
  AspireApp.Domain.Shared -> C:\Users\mouaz\source\repos\AspireApp\AspireApp.Domain.Shared\bin\Debug\net10.0\AspireApp.Domain.Shared.dll
  AspireApp.ApiService.Domain -> C:\Users\mouaz\source\repos\AspireApp\AspireApp.ApiService.Domain\bin\Debug\net10.0\AspireApp.ApiService.Domain.dll
  AspireApp.Modules.FileUpload -> C:\Users\mouaz\source\repos\AspireApp\AspireApp.Modules.FileUpload\bin\Debug\net10.0\AspireApp.Modules.FileUpload.dll
  AspireApp.ApiService.Application -> C:\Users\mouaz\source\repos\AspireApp\AspireApp.ApiService.Application\bin\Debug\net10.0\AspireApp.ApiService.Application.dll
C:\Users\mouaz\source\repos\AspireApp\test\AspireApp.ApiService.Application.Tests\Users\Validators\UserValidatorTests.cs(49,52): error CS1503: Argument 1: cannot convert from 'AspireApp.ApiService.Application.Users.DTOs.ToggleUserActivationRequest' to 'AspireApp.ApiService.Application.Roles.DTOs.AssignPermissionsToUserRequest' [C:\Users\mouaz\source\repos\AspireApp\test\AspireApp.ApiService.Application.Tests\AspireApp.ApiService.Application.Tests.csproj]
C:\Users\mouaz\source\repos\AspireApp\test\AspireApp.ApiService.Application.Tests\Users\Validators\UserValidatorTests.cs(91,27): error CS0246: The type or namespace name 'AssignPermissionsToUserRequest' could not be found (are you missing a using directive or an assembly reference?) [C:\Users\mouaz\source\repos\AspireApp\test\AspireApp.ApiService.Application.Tests\AspireApp.ApiService.Application.Tests.csproj]

Build FAILED.

C:\Users\mouaz\source\repos\AspireApp\test\AspireApp.ApiService.Application.Tests\Users\Validators\UserValidatorTests.cs(49,52): error CS1503: Argument 1: cannot convert from 'AspireApp.ApiService.Application.Users.DTOs.ToggleUserActivationRequest' to 'AspireApp.ApiService.Application.Roles.DTOs.AssignPermissionsToUserRequest' [C:\Users\mouaz\source\repos\AspireApp\test\AspireApp.ApiService.Application.Tests\AspireApp.ApiService.Application.Tests.csproj]
C:\Users\mouaz\source\repos\AspireApp\test\AspireApp.ApiService.Application.Tests\Users\Validators\UserValidatorTests.cs(91,27): error CS0246: The type or namespace name 'AssignPermissionsToUserRequest' could not be found (are you missing a using directive or an assembly reference?) [C:\Users\mouaz\source\repos\AspireApp\test\AspireApp.ApiService.Application.Tests\AspireApp.ApiService.Application.Tests.csproj]
    0 Warning(s)
    2 Error(s)

Time Elapsed 00:00:04.50
